0 verbose cli /usr/bin/node /usr/bin/npm
1 info using npm@10.8.2
2 info using node@v18.20.5
3 silly config load:file:/usr/lib/node_modules/npm/npmrc
4 silly config load:file:/home/root5/.npmrc
5 silly config load:file:/usr/etc/npmrc
6 verbose title npm install npm@11.0.0
7 verbose argv "install" "--global" "npm@11.0.0"
8 verbose logfile logs-max:10 dir:/home/root5/.npm/_logs/2025-01-05T09_55_02_058Z-
9 verbose logfile /home/root5/.npm/_logs/2025-01-05T09_55_02_058Z-debug-0.log
10 silly logfile done cleaning log files
11 http fetch GET 200 https://registry.npmjs.org/npm 22ms (cache hit)
12 verbose stack Error: Unsupported engine
12 verbose stack     at Object.checkEngine (/usr/lib/node_modules/npm/node_modules/npm-install-checks/lib/index.js:14:25)
12 verbose stack     at Install.exec (/usr/lib/node_modules/npm/lib/commands/install.js:113:16)
12 verbose stack     at async Npm.exec (/usr/lib/node_modules/npm/lib/npm.js:207:9)
12 verbose stack     at async module.exports (/usr/lib/node_modules/npm/lib/cli/entry.js:74:5)
13 verbose pkgid npm@11.0.0
14 error code EBADENGINE
15 error engine Unsupported engine
16 error engine Not compatible with your version of node/npm: npm@11.0.0
17 error notsup Not compatible with your version of node/npm: npm@11.0.0
17 error notsup Required: {"node":"^20.17.0 || >=22.9.0"}
17 error notsup Actual:   {"npm":"10.8.2","node":"v18.20.5"}
18 verbose cwd /home/sftpuser11/test/imageapp
19 verbose os Linux 6.1.0-27-amd64
20 verbose node v18.20.5
21 verbose npm  v10.8.2
22 verbose exit 1
23 verbose code 1
24 error A complete log of this run can be found in: /home/root5/.npm/_logs/2025-01-05T09_55_02_058Z-debug-0.log
